This is pdfTeX, Version 3.141592653-2.6-1.40.25 (MiKTeX 24.1) (preloaded format=pdflatex 2024.9.24)  10 NOV 2024 14:54
entering extended mode
 restricted \write18 enabled.
 %&-line parsing enabled.
**./PS3_ZexiWang.tex
(PS3_ZexiWang.tex
LaTeX2e <2023-11-01> patch level 1
L3 programming layer <2024-01-04>
(D:\Latex\latexinstall\tex/latex/base\article.cls
Document Class: article 2023/05/17 v1.4n Standard LaTeX document class
(D:\Latex\latexinstall\tex/latex/base\size12.clo
File: size12.clo 2023/05/17 v1.4n Standard LaTeX file (size option)
)
\c@part=\count187
\c@section=\count188
\c@subsection=\count189
\c@subsubsection=\count190
\c@paragraph=\count191
\c@subparagraph=\count192
\c@figure=\count193
\c@table=\count194
\abovecaptionskip=\skip48
\belowcaptionskip=\skip49
\bibindent=\dimen140
)
(D:\Latex\latexinstall\tex/latex/graphics\graphicx.sty
Package: graphicx 2021/09/16 v1.2d Enhanced LaTeX Graphics (DPC,SPQR)

(D:\Latex\latexinstall\tex/latex/graphics\keyval.sty
Package: keyval 2022/05/29 v1.15 key=value parser (DPC)
\KV@toks@=\toks17
)
(D:\Latex\latexinstall\tex/latex/graphics\graphics.sty
Package: graphics 2022/03/10 v1.4e Standard LaTeX Graphics (DPC,SPQR)

(D:\Latex\latexinstall\tex/latex/graphics\trig.sty
Package: trig 2021/08/11 v1.11 sin cos tan (DPC)
)
(D:\Latex\latexinstall\tex/latex/graphics-cfg\graphics.cfg
File: graphics.cfg 2016/06/04 v1.11 sample graphics configuration
)
Package graphics Info: Driver file: pdftex.def on input line 107.

(D:\Latex\latexinstall\tex/latex/graphics-def\pdftex.def
File: pdftex.def 2022/09/22 v1.2b Graphics/color driver for pdftex
))
\Gin@req@height=\dimen141
\Gin@req@width=\dimen142
)
(D:\Latex\latexinstall\tex/latex/base\textcomp.sty
Package: textcomp 2020/02/02 v2.0n Standard LaTeX package
)
(D:\Latex\latexinstall\tex/latex/natbib\natbib.sty
Package: natbib 2010/09/13 8.31b (PWD, AO)
\bibhang=\skip50
\bibsep=\skip51
LaTeX Info: Redefining \cite on input line 694.
\c@NAT@ctr=\count195
)
(D:\Latex\latexinstall\tex/latex/setspace\setspace.sty
Package: setspace 2022/12/04 v6.7b set line spacing
)
(D:\Latex\latexinstall\tex/latex/preprint\fullpage.sty
Package: fullpage 1999/02/23 1.1 (PWD)
\FP@margin=\skip52
)
(D:\Latex\latexinstall\tex/latex/graphics\color.sty
Package: color 2022/01/06 v1.3d Standard LaTeX Color (DPC)

(D:\Latex\latexinstall\tex/latex/graphics-cfg\color.cfg
File: color.cfg 2016/01/02 v1.6 sample color configuration
)
Package color Info: Driver file: pdftex.def on input line 149.

(D:\Latex\latexinstall\tex/latex/graphics\mathcolor.ltx))
(D:\Latex\latexinstall\tex/latex/amsmath\amsmath.sty
Package: amsmath 2023/05/13 v2.17o AMS math features
\@mathmargin=\skip53

For additional information on amsmath, use the `?' option.
(D:\Latex\latexinstall\tex/latex/amsmath\amstext.sty
Package: amstext 2021/08/26 v2.01 AMS text

(D:\Latex\latexinstall\tex/latex/amsmath\amsgen.sty
File: amsgen.sty 1999/11/30 v2.0 generic functions
\@emptytoks=\toks18
\ex@=\dimen143
))
(D:\Latex\latexinstall\tex/latex/amsmath\amsbsy.sty
Package: amsbsy 1999/11/29 v1.2d Bold Symbols
\pmbraise@=\dimen144
)
(D:\Latex\latexinstall\tex/latex/amsmath\amsopn.sty
Package: amsopn 2022/04/08 v2.04 operator names
)
\inf@bad=\count196
LaTeX Info: Redefining \frac on input line 234.
\uproot@=\count197
\leftroot@=\count198
LaTeX Info: Redefining \overline on input line 399.
LaTeX Info: Redefining \colon on input line 410.
\classnum@=\count199
\DOTSCASE@=\count266
LaTeX Info: Redefining \ldots on input line 496.
LaTeX Info: Redefining \dots on input line 499.
LaTeX Info: Redefining \cdots on input line 620.
\Mathstrutbox@=\box51
\strutbox@=\box52
LaTeX Info: Redefining \big on input line 722.
LaTeX Info: Redefining \Big on input line 723.
LaTeX Info: Redefining \bigg on input line 724.
LaTeX Info: Redefining \Bigg on input line 725.
\big@size=\dimen145
LaTeX Font Info:    Redeclaring font encoding OML on input line 743.
LaTeX Font Info:    Redeclaring font encoding OMS on input line 744.
\macc@depth=\count267
LaTeX Info: Redefining \bmod on input line 905.
LaTeX Info: Redefining \pmod on input line 910.
LaTeX Info: Redefining \smash on input line 940.
LaTeX Info: Redefining \relbar on input line 970.
LaTeX Info: Redefining \Relbar on input line 971.
\c@MaxMatrixCols=\count268
\dotsspace@=\muskip16
\c@parentequation=\count269
\dspbrk@lvl=\count270
\tag@help=\toks19
\row@=\count271
\column@=\count272
\maxfields@=\count273
\andhelp@=\toks20
\eqnshift@=\dimen146
\alignsep@=\dimen147
\tagshift@=\dimen148
\tagwidth@=\dimen149
\totwidth@=\dimen150
\lineht@=\dimen151
\@envbody=\toks21
\multlinegap=\skip54
\multlinetaggap=\skip55
\mathdisplay@stack=\toks22
LaTeX Info: Redefining \[ on input line 2953.
LaTeX Info: Redefining \] on input line 2954.
)
(D:\Latex\latexinstall\tex/latex/amscls\amsthm.sty
Package: amsthm 2020/05/29 v2.20.6
\thm@style=\toks23
\thm@bodyfont=\toks24
\thm@headfont=\toks25
\thm@notefont=\toks26
\thm@headpunct=\toks27
\thm@preskip=\skip56
\thm@postskip=\skip57
\thm@headsep=\skip58
\dth@everypar=\toks28
)
(D:\Latex\latexinstall\tex/latex/fancyvrb\fancyvrb.sty
Package: fancyvrb 2024/01/20 4.5c verbatim text (tvz,hv)
\FV@CodeLineNo=\count274
\FV@InFile=\read2
\FV@TabBox=\box53
\c@FancyVerbLine=\count275
\FV@StepNumber=\count276
\FV@OutFile=\write3
)
(D:\Latex\latexinstall\tex/latex/amsfonts\amssymb.sty
Package: amssymb 2013/01/14 v3.01 AMS font symbols

(D:\Latex\latexinstall\tex/latex/amsfonts\amsfonts.sty
Package: amsfonts 2013/01/14 v3.01 Basic AMSFonts support
\symAMSa=\mathgroup4
\symAMSb=\mathgroup5
LaTeX Font Info:    Redeclaring math symbol \hbar on input line 98.
LaTeX Font Info:    Overwriting math alphabet `\mathfrak' in version `bold'
(Font)                  U/euf/m/n --> U/euf/b/n on input line 106.
))
(D:\Latex\latexinstall\tex/latex/tools\enumerate.sty
Package: enumerate 2023/07/04 v3.00 enumerate extensions (DPC)
\@enLab=\toks29
)
(D:\Latex\latexinstall\tex/generic/xypic\xy.sty
(D:\Latex\latexinstall\tex/generic/xypic\xy.tex Bootstrap'ing: catcodes,
docmode, (D:\Latex\latexinstall\tex/generic/xypic\xyrecat.tex)
(D:\Latex\latexinstall\tex/generic/xypic\xyidioms.tex)

 Xy-pic version 3.8.9 <2013/10/06>
 Copyright (c) 1991-2013 by Kristoffer H. Rose <krisrose@tug.org> and others
 Xy-pic is free software: see the User's Guide for details.

Loading kernel: messages; fonts; allocations: state,
\X@c=\dimen152
\Y@c=\dimen153
\U@c=\dimen154
\D@c=\dimen155
\L@c=\dimen156
\R@c=\dimen157
\Edge@c=\toks30
\X@p=\dimen158
\Y@p=\dimen159
\U@p=\dimen160
\D@p=\dimen161
\L@p=\dimen162
\R@p=\dimen163
\Edge@p=\toks31
\X@origin=\dimen164
\Y@origin=\dimen165
\X@xbase=\dimen166
\Y@xbase=\dimen167
\X@ybase=\dimen168
\Y@ybase=\dimen169
\X@min=\dimen170
\Y@min=\dimen171
\X@max=\dimen172
\Y@max=\dimen173
\lastobjectbox@=\box54
\zerodotbox@=\box55
\almostz@=\dimen174
 direction,
\d@X=\dimen175
\d@Y=\dimen176
\K@=\count277
\KK@=\count278
\Direction=\count279
\K@dXdY=\dimen177
\K@dYdX=\dimen178
\xyread@=\read3
\xywrite@=\write4
\csp@=\count280
\quotPTK@=\dimen179

utility macros; pictures: \xy, positions,
\swaptoks@@=\toks32
\connectobjectbox@@=\box56
 objects,
\styletoks@=\toks33
 decorations;
kernel objects: directionals, circles, text; options; algorithms: directions,
edges, connections;  Xy-pic loaded)
(D:\Latex\latexinstall\tex/generic/iftex\ifpdf.sty
Package: ifpdf 2019/10/25 v3.4 ifpdf legacy package. Use iftex instead.

(D:\Latex\latexinstall\tex/generic/iftex\iftex.sty
Package: iftex 2022/02/03 v1.0f TeX engine tests
))
Package: xy 2013/10/06 Xy-pic version 3.8.9

(D:\Latex\latexinstall\tex/generic/xypic\xyall.tex
 Xy-pic option: All features v.3.8
(D:\Latex\latexinstall\tex/generic/xypic\xycurve.tex
 Xy-pic option: Curve and Spline extension v.3.12 curve,
\crv@cnt@=\count281
\crvpts@=\toks34
\splinebox@=\box57
\splineval@=\dimen180
\splinedepth@=\dimen181
\splinetol@=\dimen182
\splinelength@=\dimen183
 circles,
\L@=\dimen184
 loaded)
(D:\Latex\latexinstall\tex/generic/xypic\xyframe.tex
 Xy-pic option: Frame and Bracket extension v.3.14 loaded)
(D:\Latex\latexinstall\tex/generic/xypic\xycmtip.tex
 Xy-pic option: Computer Modern tip extension v.3.7
(D:\Latex\latexinstall\tex/generic/xypic\xytips.tex
 Xy-pic option: More Tips extension v.3.11 loaded) loaded)
(D:\Latex\latexinstall\tex/generic/xypic\xyline.tex
 Xy-pic option: Line styles extension v.3.10
\xylinethick@=\dimen185
 loaded)
(D:\Latex\latexinstall\tex/generic/xypic\xyrotate.tex
 Xy-pic option: Rotate and Scale extension v.3.8 loaded)
(D:\Latex\latexinstall\tex/generic/xypic\xycolor.tex
 Xy-pic option: Colour extension v.3.11 loaded)
(D:\Latex\latexinstall\tex/generic/xypic\xymatrix.tex
 Xy-pic option: Matrix feature v.3.14
\Row=\count282
\Col=\count283
\queue@=\toks35
\queue@@=\toks36
\qcount@=\count284
\qcount@@=\count285
\matrixsize@=\count286
 loaded)
(D:\Latex\latexinstall\tex/generic/xypic\xyarrow.tex
 Xy-pic option: Arrow and Path feature v.3.9 path, \ar, loaded)
(D:\Latex\latexinstall\tex/generic/xypic\xygraph.tex
 Xy-pic option: Graph feature v.3.11 loaded) loaded)
(D:\Latex\latexinstall\tex/generic/xypic\xypdf.tex
 Xy-pic option: PDF driver v.1.7 Xy-pic pdf driver: `color' extension support
(D:\Latex\latexinstall\tex/generic/xypic\xypdf-co.tex loaded)
Xy-pic pdf driver: `curve' extension support
(D:\Latex\latexinstall\tex/generic/xypic\xypdf-cu.tex loaded)
Xy-pic pdf driver: `frame' extension support
(D:\Latex\latexinstall\tex/generic/xypic\xypdf-fr.tex loaded)
Xy-pic pdf driver: `line' extension support
(D:\Latex\latexinstall\tex/generic/xypic\xypdf-li.tex loaded)
Xy-pic pdf driver: `rotate' extension support
(D:\Latex\latexinstall\tex/generic/xypic\xypdf-ro.tex loaded) loaded))
(D:\Latex\latexinstall\tex/latex/endnotes\endnotes.sty
Package: endnotes 2020-01-02 endnotes package
\c@endnote=\count287
\endnotesep=\dimen186
\@enotes=\write5
)
(D:\Latex\latexinstall\tex/latex/graphics\lscape.sty
Package: lscape 2020/05/28 v3.02 Landscape Pages (DPC)
)
\c@com=\count288

(D:\Latex\latexinstall\tex/latex/float\float.sty
Package: float 2001/11/08 v1.3d Float enhancements (AL)
\c@float@type=\count289
\float@exts=\toks37
\float@box=\box58
\@float@everytoks=\toks38
\@floatcapt=\box59
)
(D:\Latex\latexinstall\tex/latex/hyperref\hyperref.sty
Package: hyperref 2023-11-26 v7.01g Hypertext links for LaTeX

(D:\Latex\latexinstall\tex/generic/infwarerr\infwarerr.sty
Package: infwarerr 2019/12/03 v1.5 Providing info/warning/error messages (HO)
)
(D:\Latex\latexinstall\tex/latex/kvsetkeys\kvsetkeys.sty
Package: kvsetkeys 2022-10-05 v1.19 Key value parser (HO)
)
(D:\Latex\latexinstall\tex/generic/kvdefinekeys\kvdefinekeys.sty
Package: kvdefinekeys 2019-12-19 v1.6 Define keys (HO)
)
(D:\Latex\latexinstall\tex/generic/pdfescape\pdfescape.sty
Package: pdfescape 2019/12/09 v1.15 Implements pdfTeX's escape features (HO)

(D:\Latex\latexinstall\tex/generic/ltxcmds\ltxcmds.sty
Package: ltxcmds 2023-12-04 v1.26 LaTeX kernel commands for general use (HO)
)
(D:\Latex\latexinstall\tex/generic/pdftexcmds\pdftexcmds.sty
Package: pdftexcmds 2020-06-27 v0.33 Utility functions of pdfTeX for LuaTeX (HO
)
Package pdftexcmds Info: \pdf@primitive is available.
Package pdftexcmds Info: \pdf@ifprimitive is available.
Package pdftexcmds Info: \pdfdraftmode found.
))
(D:\Latex\latexinstall\tex/latex/hycolor\hycolor.sty
Package: hycolor 2020-01-27 v1.10 Color options for hyperref/bookmark (HO)
)
(D:\Latex\latexinstall\tex/latex/letltxmacro\letltxmacro.sty
Package: letltxmacro 2019/12/03 v1.6 Let assignment for LaTeX macros (HO)
)
(D:\Latex\latexinstall\tex/latex/auxhook\auxhook.sty
Package: auxhook 2019-12-17 v1.6 Hooks for auxiliary files (HO)
)
(D:\Latex\latexinstall\tex/latex/hyperref\nameref.sty
Package: nameref 2023-11-26 v2.56 Cross-referencing by name of section

(D:\Latex\latexinstall\tex/latex/refcount\refcount.sty
Package: refcount 2019/12/15 v3.6 Data extraction from label references (HO)
)
(D:\Latex\latexinstall\tex/generic/gettitlestring\gettitlestring.sty
Package: gettitlestring 2019/12/15 v1.6 Cleanup title references (HO)

(D:\Latex\latexinstall\tex/latex/kvoptions\kvoptions.sty
Package: kvoptions 2022-06-15 v3.15 Key value format for package options (HO)
))
\c@section@level=\count290
)
(D:\Latex\latexinstall\tex/latex/etoolbox\etoolbox.sty
Package: etoolbox 2020/10/05 v2.5k e-TeX tools for LaTeX (JAW)
\etb@tempcnta=\count291
)
\@linkdim=\dimen187
\Hy@linkcounter=\count292
\Hy@pagecounter=\count293

(D:\Latex\latexinstall\tex/latex/hyperref\pd1enc.def
File: pd1enc.def 2023-11-26 v7.01g Hyperref: PDFDocEncoding definition (HO)
Now handling font encoding PD1 ...
... no UTF-8 mapping file for font encoding PD1
)
(D:\Latex\latexinstall\tex/generic/intcalc\intcalc.sty
Package: intcalc 2019/12/15 v1.3 Expandable calculations with integers (HO)
)
\Hy@SavedSpaceFactor=\count294

(D:\Latex\latexinstall\tex/latex/hyperref\puenc.def
File: puenc.def 2023-11-26 v7.01g Hyperref: PDF Unicode definition (HO)
Now handling font encoding PU ...
... no UTF-8 mapping file for font encoding PU
)
Package hyperref Info: Hyper figures OFF on input line 4181.
Package hyperref Info: Link nesting OFF on input line 4186.
Package hyperref Info: Hyper index ON on input line 4189.
Package hyperref Info: Plain pages OFF on input line 4196.
Package hyperref Info: Backreferencing OFF on input line 4201.
Package hyperref Info: Implicit mode ON; LaTeX internals redefined.
Package hyperref Info: Bookmarks ON on input line 4448.
\c@Hy@tempcnt=\count295

(D:\Latex\latexinstall\tex/latex/url\url.sty
\Urlmuskip=\muskip17
Package: url 2013/09/16  ver 3.4  Verb mode for urls, etc.
)
LaTeX Info: Redefining \url on input line 4786.
\XeTeXLinkMargin=\dimen188

(D:\Latex\latexinstall\tex/generic/bitset\bitset.sty
Package: bitset 2019/12/09 v1.3 Handle bit-vector datatype (HO)

(D:\Latex\latexinstall\tex/generic/bigintcalc\bigintcalc.sty
Package: bigintcalc 2019/12/15 v1.5 Expandable calculations on big integers (HO
)
))
\Fld@menulength=\count296
\Field@Width=\dimen189
\Fld@charsize=\dimen190
Package hyperref Info: Hyper figures OFF on input line 6065.
Package hyperref Info: Link nesting OFF on input line 6070.
Package hyperref Info: Hyper index ON on input line 6073.
Package hyperref Info: backreferencing OFF on input line 6080.
Package hyperref Info: Link coloring OFF on input line 6085.
Package hyperref Info: Link coloring with OCG OFF on input line 6090.
Package hyperref Info: PDF/A mode OFF on input line 6095.

(D:\Latex\latexinstall\tex/latex/base\atbegshi-ltx.sty
Package: atbegshi-ltx 2021/01/10 v1.0c Emulation of the original atbegshi
package with kernel methods
)
\Hy@abspage=\count297
\c@Item=\count298
\c@Hfootnote=\count299
)
Package hyperref Info: Driver (autodetected): hpdftex.

(D:\Latex\latexinstall\tex/latex/hyperref\hpdftex.def
File: hpdftex.def 2023-11-26 v7.01g Hyperref driver for pdfTeX

(D:\Latex\latexinstall\tex/latex/base\atveryend-ltx.sty
Package: atveryend-ltx 2020/08/19 v1.0a Emulation of the original atveryend pac
kage
with kernel methods
)
\Fld@listcount=\count300
\c@bookmark@seq@number=\count301

(D:\Latex\latexinstall\tex/latex/rerunfilecheck\rerunfilecheck.sty
Package: rerunfilecheck 2022-07-10 v1.10 Rerun checks for auxiliary files (HO)

(D:\Latex\latexinstall\tex/generic/uniquecounter\uniquecounter.sty
Package: uniquecounter 2019/12/15 v1.4 Provide unlimited unique counter (HO)
)
Package uniquecounter Info: New unique counter `rerunfilecheck' on input line 2
85.
)
\Hy@SectionHShift=\skip59
)
\c@lem=\count302
\c@prop=\count303
\c@thm=\count304
\c@defn=\count305
\c@cor=\count306
\c@obs=\count307

(D:\Latex\latexinstall\tex/latex/titlesec\titlesec.sty
Package: titlesec 2023/10/27 v2.16 Sectioning titles
\ttl@box=\box60
\beforetitleunit=\skip60
\aftertitleunit=\skip61
\ttl@plus=\dimen191
\ttl@minus=\dimen192
\ttl@toksa=\toks39
\titlewidth=\dimen193
\titlewidthlast=\dimen194
\titlewidthfirst=\dimen195
)
(D:\Latex\latexinstall\tex/latex/tools\dcolumn.sty
Package: dcolumn 2023/07/08 v1.06 decimal alignment package (DPC)

(D:\Latex\latexinstall\tex/latex/tools\array.sty
Package: array 2023/10/16 v2.5g Tabular extension package (FMi)
\col@sep=\dimen196
\ar@mcellbox=\box61
\extrarowheight=\dimen197
\NC@list=\toks40
\extratabsurround=\skip62
\backup@length=\skip63
\ar@cellbox=\box62
))
(D:\Latex\latexinstall\tex/latex/pgf/frontendlayer\tikz.sty
(D:\Latex\latexinstall\tex/latex/pgf/basiclayer\pgf.sty
(D:\Latex\latexinstall\tex/latex/pgf/utilities\pgfrcs.sty
(D:\Latex\latexinstall\tex/generic/pgf/utilities\pgfutil-common.tex
\pgfutil@everybye=\toks41
\pgfutil@tempdima=\dimen198
\pgfutil@tempdimb=\dimen199
)
(D:\Latex\latexinstall\tex/generic/pgf/utilities\pgfutil-latex.def
\pgfutil@abb=\box63
)
(D:\Latex\latexinstall\tex/generic/pgf/utilities\pgfrcs.code.tex
(D:\Latex\latexinstall\tex/generic/pgf\pgf.revision.tex)
Package: pgfrcs 2023-01-15 v3.1.10 (3.1.10)
))
Package: pgf 2023-01-15 v3.1.10 (3.1.10)

(D:\Latex\latexinstall\tex/latex/pgf/basiclayer\pgfcore.sty
(D:\Latex\latexinstall\tex/latex/pgf/systemlayer\pgfsys.sty
(D:\Latex\latexinstall\tex/generic/pgf/systemlayer\pgfsys.code.tex
Package: pgfsys 2023-01-15 v3.1.10 (3.1.10)

(D:\Latex\latexinstall\tex/generic/pgf/utilities\pgfkeys.code.tex
\pgfkeys@pathtoks=\toks42
\pgfkeys@temptoks=\toks43

(D:\Latex\latexinstall\tex/generic/pgf/utilities\pgfkeyslibraryfiltered.code.te
x
\pgfkeys@tmptoks=\toks44
))
\pgf@x=\dimen256
\pgf@y=\dimen257
\pgf@xa=\dimen258
\pgf@ya=\dimen259
\pgf@xb=\dimen260
\pgf@yb=\dimen261
\pgf@xc=\dimen262
\pgf@yc=\dimen263
\pgf@xd=\dimen264
\pgf@yd=\dimen265
\w@pgf@writea=\write6
\r@pgf@reada=\read4
\c@pgf@counta=\count308
\c@pgf@countb=\count309
\c@pgf@countc=\count310
\c@pgf@countd=\count311
\t@pgf@toka=\toks45
\t@pgf@tokb=\toks46
\t@pgf@tokc=\toks47
\pgf@sys@id@count=\count312
 (D:\Latex\latexinstall\tex/generic/pgf/systemlayer\pgf.cfg
File: pgf.cfg 2023-01-15 v3.1.10 (3.1.10)
)
Driver file for pgf: pgfsys-pdftex.def

(D:\Latex\latexinstall\tex/generic/pgf/systemlayer\pgfsys-pdftex.def
File: pgfsys-pdftex.def 2023-01-15 v3.1.10 (3.1.10)

(D:\Latex\latexinstall\tex/generic/pgf/systemlayer\pgfsys-common-pdf.def
File: pgfsys-common-pdf.def 2023-01-15 v3.1.10 (3.1.10)
)))
(D:\Latex\latexinstall\tex/generic/pgf/systemlayer\pgfsyssoftpath.code.tex
File: pgfsyssoftpath.code.tex 2023-01-15 v3.1.10 (3.1.10)
\pgfsyssoftpath@smallbuffer@items=\count313
\pgfsyssoftpath@bigbuffer@items=\count314
)
(D:\Latex\latexinstall\tex/generic/pgf/systemlayer\pgfsysprotocol.code.tex
File: pgfsysprotocol.code.tex 2023-01-15 v3.1.10 (3.1.10)
))
(D:\Latex\latexinstall\tex/latex/xcolor\xcolor.sty
Package: xcolor 2023/11/15 v3.01 LaTeX color extensions (UK)

(D:\Latex\latexinstall\tex/latex/graphics-cfg\color.cfg
File: color.cfg 2016/01/02 v1.6 sample color configuration
)
Package xcolor Info: Driver file: pdftex.def on input line 274.
LaTeX Info: Redefining \color on input line 758.

(D:\Latex\latexinstall\tex/latex/graphics\mathcolor.ltx)
Package xcolor Info: Model `cmy' substituted by `cmy0' on input line 1350.
Package xcolor Info: Model `hsb' substituted by `rgb' on input line 1354.
Package xcolor Info: Model `RGB' extended on input line 1366.
Package xcolor Info: Model `HTML' substituted by `rgb' on input line 1368.
Package xcolor Info: Model `Hsb' substituted by `hsb' on input line 1369.
Package xcolor Info: Model `tHsb' substituted by `hsb' on input line 1370.
Package xcolor Info: Model `HSB' substituted by `hsb' on input line 1371.
Package xcolor Info: Model `Gray' substituted by `gray' on input line 1372.
Package xcolor Info: Model `wave' substituted by `hsb' on input line 1373.
)
(D:\Latex\latexinstall\tex/generic/pgf/basiclayer\pgfcore.code.tex
Package: pgfcore 2023-01-15 v3.1.10 (3.1.10)

(D:\Latex\latexinstall\tex/generic/pgf/math\pgfmath.code.tex
(D:\Latex\latexinstall\tex/generic/pgf/math\pgfmathutil.code.tex)
(D:\Latex\latexinstall\tex/generic/pgf/math\pgfmathparser.code.tex
\pgfmath@dimen=\dimen266
\pgfmath@count=\count315
\pgfmath@box=\box64
\pgfmath@toks=\toks48
\pgfmath@stack@operand=\toks49
\pgfmath@stack@operation=\toks50
)
(D:\Latex\latexinstall\tex/generic/pgf/math\pgfmathfunctions.code.tex)
(D:\Latex\latexinstall\tex/generic/pgf/math\pgfmathfunctions.basic.code.tex)
(D:\Latex\latexinstall\tex/generic/pgf/math\pgfmathfunctions.trigonometric.code
.tex)
(D:\Latex\latexinstall\tex/generic/pgf/math\pgfmathfunctions.random.code.tex)
(D:\Latex\latexinstall\tex/generic/pgf/math\pgfmathfunctions.comparison.code.te
x) (D:\Latex\latexinstall\tex/generic/pgf/math\pgfmathfunctions.base.code.tex)
(D:\Latex\latexinstall\tex/generic/pgf/math\pgfmathfunctions.round.code.tex)
(D:\Latex\latexinstall\tex/generic/pgf/math\pgfmathfunctions.misc.code.tex)
(D:\Latex\latexinstall\tex/generic/pgf/math\pgfmathfunctions.integerarithmetics
.code.tex) (D:\Latex\latexinstall\tex/generic/pgf/math\pgfmathcalc.code.tex)
(D:\Latex\latexinstall\tex/generic/pgf/math\pgfmathfloat.code.tex
\c@pgfmathroundto@lastzeros=\count316
))
(D:\Latex\latexinstall\tex/generic/pgf/math\pgfint.code.tex)
(D:\Latex\latexinstall\tex/generic/pgf/basiclayer\pgfcorepoints.code.tex
File: pgfcorepoints.code.tex 2023-01-15 v3.1.10 (3.1.10)
\pgf@picminx=\dimen267
\pgf@picmaxx=\dimen268
\pgf@picminy=\dimen269
\pgf@picmaxy=\dimen270
\pgf@pathminx=\dimen271
\pgf@pathmaxx=\dimen272
\pgf@pathminy=\dimen273
\pgf@pathmaxy=\dimen274
\pgf@xx=\dimen275
\pgf@xy=\dimen276
\pgf@yx=\dimen277
\pgf@yy=\dimen278
\pgf@zx=\dimen279
\pgf@zy=\dimen280
)
(D:\Latex\latexinstall\tex/generic/pgf/basiclayer\pgfcorepathconstruct.code.tex
File: pgfcorepathconstruct.code.tex 2023-01-15 v3.1.10 (3.1.10)
\pgf@path@lastx=\dimen281
\pgf@path@lasty=\dimen282
) (D:\Latex\latexinstall\tex/generic/pgf/basiclayer\pgfcorepathusage.code.tex
File: pgfcorepathusage.code.tex 2023-01-15 v3.1.10 (3.1.10)
\pgf@shorten@end@additional=\dimen283
\pgf@shorten@start@additional=\dimen284
)
(D:\Latex\latexinstall\tex/generic/pgf/basiclayer\pgfcorescopes.code.tex
File: pgfcorescopes.code.tex 2023-01-15 v3.1.10 (3.1.10)
\pgfpic=\box65
\pgf@hbox=\box66
\pgf@layerbox@main=\box67
\pgf@picture@serial@count=\count317
)
(D:\Latex\latexinstall\tex/generic/pgf/basiclayer\pgfcoregraphicstate.code.tex
File: pgfcoregraphicstate.code.tex 2023-01-15 v3.1.10 (3.1.10)
\pgflinewidth=\dimen285
)
(D:\Latex\latexinstall\tex/generic/pgf/basiclayer\pgfcoretransformations.code.t
ex
File: pgfcoretransformations.code.tex 2023-01-15 v3.1.10 (3.1.10)
\pgf@pt@x=\dimen286
\pgf@pt@y=\dimen287
\pgf@pt@temp=\dimen288
) (D:\Latex\latexinstall\tex/generic/pgf/basiclayer\pgfcorequick.code.tex
File: pgfcorequick.code.tex 2023-01-15 v3.1.10 (3.1.10)
)
(D:\Latex\latexinstall\tex/generic/pgf/basiclayer\pgfcoreobjects.code.tex
File: pgfcoreobjects.code.tex 2023-01-15 v3.1.10 (3.1.10)
)
(D:\Latex\latexinstall\tex/generic/pgf/basiclayer\pgfcorepathprocessing.code.te
x
File: pgfcorepathprocessing.code.tex 2023-01-15 v3.1.10 (3.1.10)
) (D:\Latex\latexinstall\tex/generic/pgf/basiclayer\pgfcorearrows.code.tex
File: pgfcorearrows.code.tex 2023-01-15 v3.1.10 (3.1.10)
\pgfarrowsep=\dimen289
)
(D:\Latex\latexinstall\tex/generic/pgf/basiclayer\pgfcoreshade.code.tex
File: pgfcoreshade.code.tex 2023-01-15 v3.1.10 (3.1.10)
\pgf@max=\dimen290
\pgf@sys@shading@range@num=\count318
\pgf@shadingcount=\count319
)
(D:\Latex\latexinstall\tex/generic/pgf/basiclayer\pgfcoreimage.code.tex
File: pgfcoreimage.code.tex 2023-01-15 v3.1.10 (3.1.10)
)
(D:\Latex\latexinstall\tex/generic/pgf/basiclayer\pgfcoreexternal.code.tex
File: pgfcoreexternal.code.tex 2023-01-15 v3.1.10 (3.1.10)
\pgfexternal@startupbox=\box68
)
(D:\Latex\latexinstall\tex/generic/pgf/basiclayer\pgfcorelayers.code.tex
File: pgfcorelayers.code.tex 2023-01-15 v3.1.10 (3.1.10)
)
(D:\Latex\latexinstall\tex/generic/pgf/basiclayer\pgfcoretransparency.code.tex
File: pgfcoretransparency.code.tex 2023-01-15 v3.1.10 (3.1.10)
) (D:\Latex\latexinstall\tex/generic/pgf/basiclayer\pgfcorepatterns.code.tex
File: pgfcorepatterns.code.tex 2023-01-15 v3.1.10 (3.1.10)
)
(D:\Latex\latexinstall\tex/generic/pgf/basiclayer\pgfcorerdf.code.tex
File: pgfcorerdf.code.tex 2023-01-15 v3.1.10 (3.1.10)
)))
(D:\Latex\latexinstall\tex/generic/pgf/modules\pgfmoduleshapes.code.tex
File: pgfmoduleshapes.code.tex 2023-01-15 v3.1.10 (3.1.10)
\pgfnodeparttextbox=\box69
)
(D:\Latex\latexinstall\tex/generic/pgf/modules\pgfmoduleplot.code.tex
File: pgfmoduleplot.code.tex 2023-01-15 v3.1.10 (3.1.10)
)
(D:\Latex\latexinstall\tex/latex/pgf/compatibility\pgfcomp-version-0-65.sty
Package: pgfcomp-version-0-65 2023-01-15 v3.1.10 (3.1.10)
\pgf@nodesepstart=\dimen291
\pgf@nodesepend=\dimen292
)
(D:\Latex\latexinstall\tex/latex/pgf/compatibility\pgfcomp-version-1-18.sty
Package: pgfcomp-version-1-18 2023-01-15 v3.1.10 (3.1.10)
))
(D:\Latex\latexinstall\tex/latex/pgf/utilities\pgffor.sty
(D:\Latex\latexinstall\tex/latex/pgf/utilities\pgfkeys.sty
(D:\Latex\latexinstall\tex/generic/pgf/utilities\pgfkeys.code.tex))
(D:\Latex\latexinstall\tex/latex/pgf/math\pgfmath.sty
(D:\Latex\latexinstall\tex/generic/pgf/math\pgfmath.code.tex))
(D:\Latex\latexinstall\tex/generic/pgf/utilities\pgffor.code.tex
Package: pgffor 2023-01-15 v3.1.10 (3.1.10)
\pgffor@iter=\dimen293
\pgffor@skip=\dimen294
\pgffor@stack=\toks51
\pgffor@toks=\toks52
))
(D:\Latex\latexinstall\tex/generic/pgf/frontendlayer/tikz\tikz.code.tex
Package: tikz 2023-01-15 v3.1.10 (3.1.10)

(D:\Latex\latexinstall\tex/generic/pgf/libraries\pgflibraryplothandlers.code.te
x
File: pgflibraryplothandlers.code.tex 2023-01-15 v3.1.10 (3.1.10)
\pgf@plot@mark@count=\count320
\pgfplotmarksize=\dimen295
)
\tikz@lastx=\dimen296
\tikz@lasty=\dimen297
\tikz@lastxsaved=\dimen298
\tikz@lastysaved=\dimen299
\tikz@lastmovetox=\dimen300
\tikz@lastmovetoy=\dimen301
\tikzleveldistance=\dimen302
\tikzsiblingdistance=\dimen303
\tikz@figbox=\box70
\tikz@figbox@bg=\box71
\tikz@tempbox=\box72
\tikz@tempbox@bg=\box73
\tikztreelevel=\count321
\tikznumberofchildren=\count322
\tikznumberofcurrentchild=\count323
\tikz@fig@count=\count324
 (D:\Latex\latexinstall\tex/generic/pgf/modules\pgfmodulematrix.code.tex
File: pgfmodulematrix.code.tex 2023-01-15 v3.1.10 (3.1.10)
\pgfmatrixcurrentrow=\count325
\pgfmatrixcurrentcolumn=\count326
\pgf@matrix@numberofcolumns=\count327
)
\tikz@expandcount=\count328

(D:\Latex\latexinstall\tex/generic/pgf/frontendlayer/tikz/libraries\tikzlibrary
topaths.code.tex
File: tikzlibrarytopaths.code.tex 2023-01-15 v3.1.10 (3.1.10)
)))
(D:\Latex\latexinstall\tex/generic/pgf/frontendlayer/tikz/libraries\tikzlibrary
arrows.code.tex
File: tikzlibraryarrows.code.tex 2023-01-15 v3.1.10 (3.1.10)

(D:\Latex\latexinstall\tex/generic/pgf/libraries\pgflibraryarrows.code.tex
File: pgflibraryarrows.code.tex 2023-01-15 v3.1.10 (3.1.10)
\arrowsize=\dimen304
))
(D:\Latex\latexinstall\tex/latex/multirow\multirow.sty
Package: multirow 2021/03/15 v2.8 Span multiple rows of a table
\multirow@colwidth=\skip64
\multirow@cntb=\count329
\multirow@dima=\skip65
\bigstrutjot=\dimen305
)
(D:\Latex\latexinstall\tex/latex/listings\listings.sty
\lst@mode=\count330
\lst@gtempboxa=\box74
\lst@token=\toks53
\lst@length=\count331
\lst@currlwidth=\dimen306
\lst@column=\count332
\lst@pos=\count333
\lst@lostspace=\dimen307
\lst@width=\dimen308
\lst@newlines=\count334
\lst@lineno=\count335
\lst@maxwidth=\dimen309

(D:\Latex\latexinstall\tex/latex/listings\lstmisc.sty
File: lstmisc.sty 2023/02/27 1.9 (Carsten Heinz)
\c@lstnumber=\count336
\lst@skipnumbers=\count337
\lst@framebox=\box75
)
(D:\Latex\latexinstall\tex/latex/listings\listings.cfg
File: listings.cfg 2023/02/27 1.9 listings configuration
))
Package: listings 2023/02/27 1.9 (Carsten Heinz)
\c@hyp=\count338

(D:\Latex\latexinstall\tex/latex/l3backend\l3backend-pdftex.def
File: l3backend-pdftex.def 2024-01-04 L3 backend support: PDF output (pdfTeX)
\l__color_backend_stack_int=\count339
\l__pdf_internal_box=\box76
)
(PS3_ZexiWang.aux)
\openout1 = `PS3_ZexiWang.aux'.

LaTeX Font Info:    Checking defaults for OML/cmm/m/it on input line 68.
LaTeX Font Info:    ... okay on input line 68.
LaTeX Font Info:    Checking defaults for OMS/cmsy/m/n on input line 68.
LaTeX Font Info:    ... okay on input line 68.
LaTeX Font Info:    Checking defaults for OT1/cmr/m/n on input line 68.
LaTeX Font Info:    ... okay on input line 68.
LaTeX Font Info:    Checking defaults for T1/cmr/m/n on input line 68.
LaTeX Font Info:    ... okay on input line 68.
LaTeX Font Info:    Checking defaults for TS1/cmr/m/n on input line 68.
LaTeX Font Info:    ... okay on input line 68.
LaTeX Font Info:    Checking defaults for OMX/cmex/m/n on input line 68.
LaTeX Font Info:    ... okay on input line 68.
LaTeX Font Info:    Checking defaults for U/cmr/m/n on input line 68.
LaTeX Font Info:    ... okay on input line 68.
LaTeX Font Info:    Checking defaults for PD1/pdf/m/n on input line 68.
LaTeX Font Info:    ... okay on input line 68.
LaTeX Font Info:    Checking defaults for PU/pdf/m/n on input line 68.
LaTeX Font Info:    ... okay on input line 68.
 (D:\Latex\latexinstall\tex/context/base/mkii\supp-pdf.mkii
[Loading MPS to PDF converter (version 2006.09.02).]
\scratchcounter=\count340
\scratchdimen=\dimen310
\scratchbox=\box77
\nofMPsegments=\count341
\nofMParguments=\count342
\everyMPshowfont=\toks54
\MPscratchCnt=\count343
\MPscratchDim=\dimen311
\MPnumerator=\count344
\makeMPintoPDFobject=\count345
\everyMPtoPDFconversion=\toks55
) (D:\Latex\latexinstall\tex/latex/epstopdf-pkg\epstopdf-base.sty
Package: epstopdf-base 2020-01-24 v2.11 Base part for package epstopdf
Package epstopdf-base Info: Redefining graphics rule for `.eps' on input line 4
85.

(D:\Latex\latexinstall\tex/latex/00miktex\epstopdf-sys.cfg
File: epstopdf-sys.cfg 2021/03/18 v2.0 Configuration of epstopdf for MiKTeX
))
LaTeX Font Info:    Trying to load font information for U+msa on input line 68.


(D:\Latex\latexinstall\tex/latex/amsfonts\umsa.fd
File: umsa.fd 2013/01/14 v3.01 AMS symbols A
)
LaTeX Font Info:    Trying to load font information for U+msb on input line 68.


(D:\Latex\latexinstall\tex/latex/amsfonts\umsb.fd
File: umsb.fd 2013/01/14 v3.01 AMS symbols B
)
Package xypdf Info: Line width: 0.47998pt on input line 68.
Package hyperref Info: Link coloring OFF on input line 68.
 (PS3_ZexiWang.out)
(PS3_ZexiWang.out)
\@outlinefile=\write7
\openout7 = `PS3_ZexiWang.out'.

\c@lstlisting=\count346
 (D:\Latex\latexinstall\tex/latex/listings\lstlang1.sty
File: lstlang1.sty 2023/02/27 1.9 listings language file
)
(D:\Latex\latexinstall\tex/latex/listings\lstlang2.sty
File: lstlang2.sty 2023/02/27 1.9 listings language file
)
(D:\Latex\latexinstall\tex/latex/listings\lstlang3.sty
File: lstlang3.sty 2023/02/27 1.9 listings language file
)
Package hyperref Info: bookmark level for unknown lstlisting defaults to 0 on i
nput line 88.
 (PS3_ZexiWang.R
LaTeX Font Info:    Trying to load font information for OML+cmr on input line 3
5.

(D:\Latex\latexinstall\tex/latex/base\omlcmr.fd
File: omlcmr.fd 2023/04/13 v2.5m Standard LaTeX font definitions
)
LaTeX Font Info:    Font shape `OML/cmr/m/n' in size <10> not available
(Font)              Font shape `OML/cmm/m/it' tried instead on input line 35.
) [1

{C:/Users/13937/AppData/Local/MiKTeX/fonts/map/pdftex/pdftex.map}] (PS3_ZexiWan
g.R)
<Q1_2_scatterplot.pdf, id=29, 505.89pt x 505.89pt>
File: Q1_2_scatterplot.pdf Graphic file (type pdf)
<use Q1_2_scatterplot.pdf>
Package pdftex.def Info: Q1_2_scatterplot.pdf  used on input line 111.
(pdftex.def)             Requested size: 234.8775pt x 234.88132pt.
 [2 <./Q1_2_scatterplot.pdf>] (PS3_ZexiWang.R) (PS3_ZexiWang.R) (PS3_ZexiWang.R
 [3])
<Q2_2_scatterplot.pdf, id=71, 505.89pt x 505.89pt>
File: Q2_2_scatterplot.pdf Graphic file (type pdf)
<use Q2_2_scatterplot.pdf>
Package pdftex.def Info: Q2_2_scatterplot.pdf  used on input line 151.
(pdftex.def)             Requested size: 258.36668pt x 258.371pt.
 (PS3_ZexiWang.R)
[4 <./Q2_2_scatterplot.pdf>] (PS3_ZexiWang.R) (PS3_ZexiWang.R)
<Q3_2_scatterplot.pdf, id=98, 505.89pt x 505.89pt>
File: Q3_2_scatterplot.pdf Graphic file (type pdf)
<use Q3_2_scatterplot.pdf>
Package pdftex.def Info: Q3_2_scatterplot.pdf  used on input line 193.
(pdftex.def)             Requested size: 258.36668pt x 258.371pt.
 [5] [6 <./Q3_2_scatterplot.pdf>] (PS3_ZexiWang.R) (PS3_ZexiWang.R)
<Q4_2_scatterplot.pdf, id=132, 505.89pt x 505.89pt>
File: Q4_2_scatterplot.pdf Graphic file (type pdf)
<use Q4_2_scatterplot.pdf>
Package pdftex.def Info: Q4_2_scatterplot.pdf  used on input line 232.
(pdftex.def)             Requested size: 258.36668pt x 258.371pt.
 [7] [8 <./Q4_2_scatterplot.pdf>] (PS3_ZexiWang.R)
Overfull \hbox (4.2199pt too wide) in paragraph at lines 276--276
 []   \OT1/cmtt/m/n/12 This phenomenon occurs because the two coefficients actu
ally describe[] 
 []

[9] (PS3_ZexiWang.aux)
 ***********
LaTeX2e <2023-11-01> patch level 1
L3 programming layer <2024-01-04>
 ***********
Package rerunfilecheck Info: File `PS3_ZexiWang.out' has not changed.
(rerunfilecheck)             Checksum: D41D8CD98F00B204E9800998ECF8427E;0.
 ) 
Here is how much of TeX's memory you used:
 27340 strings out of 474486
 472926 string characters out of 5754542
 2025542 words of memory out of 5000000
 49019 multiletter control sequences out of 15000+600000
 568844 words of font info for 82 fonts, out of 8000000 for 9000
 1141 hyphenation exceptions out of 8191
 84i,10n,93p,3246b,2219s stack positions out of 10000i,1000n,20000p,200000b,200000s
 <C:\Users\13937\AppData\Local\MiKTeX\fonts/pk/ljfour/jknappen/ec/dpi600\tcrm
1000.pk> <C:\Users\13937\AppData\Local\MiKTeX\fonts/pk/ljfour/jknappen/ec/dpi60
0\tcrm1200.pk><D:/Latex/latexinstall/fonts/type1/public/amsfonts/cm/cmbx12.pfb>
<D:/Latex/latexinstall/fonts/type1/public/amsfonts/cm/cmmi10.pfb><D:/Latex/late
xinstall/fonts/type1/public/amsfonts/cm/cmmi12.pfb><D:/Latex/latexinstall/fonts
/type1/public/amsfonts/cm/cmr10.pfb><D:/Latex/latexinstall/fonts/type1/public/a
msfonts/cm/cmr12.pfb><D:/Latex/latexinstall/fonts/type1/public/amsfonts/cm/cmr1
7.pfb><D:/Latex/latexinstall/fonts/type1/public/amsfonts/cm/cmr6.pfb><D:/Latex/
latexinstall/fonts/type1/public/amsfonts/cm/cmsy10.pfb><D:/Latex/latexinstall/f
onts/type1/public/amsfonts/cm/cmtt12.pfb>
Output written on PS3_ZexiWang.pdf (9 pages, 904686 bytes).
PDF statistics:
 250 PDF objects out of 1000 (max. 8388607)
 107 named destinations out of 1000 (max. 500000)
 33 words of extra memory for PDF output out of 10000 (max. 10000000)

